{
  "RSpec": {
    "coverage": {
      "/Users/sam/Mirror/repo/shastic/config/environment.rb": [
        null,
        null,
        null,
        1,
        1,
        1,
        null,
        1,
        null,
        1,
        1,
        1,
        null,
        1,
        1
      ],
      "/Users/sam/Mirror/repo/shastic/lib/dry/types/compat/int.rb": [
        null,
        null,
        1,
        null,
        1,
        null,
        null,
        null,
        null,
        1,
        null,
        1,
        1,
        1,
        1,
        1,
        1,
        null,
        null
      ],
      "/Users/sam/Mirror/repo/shastic/system/boot.rb": [
        null,
        null,
        1,
        1,
        null,
        1
      ],
      "/Users/sam/Mirror/repo/shastic/system/boot/import.rb": [
        null,
        null,
        1,
        null,
        1
      ],
      "/Users/sam/Mirror/repo/shastic/system/boot/container.rb": [
        null,
        null,
        1,
        null,
        null,
        1,
        2,
        null,
        1,
        1,
        1,
        null,
        null,
        1,
        null,
        1,
        1,
        null,
        null
      ],
      "/Users/sam/Mirror/repo/shastic/system/boot/i18n.rb": [
        null,
        null,
        1,
        1,
        null,
        1,
        1,
        1,
        null,
        1,
        1,
        null,
        1,
        null,
        null
      ],
      "/Users/sam/Mirror/repo/shastic/system/boot/logger.rb": [
        null,
        null,
        1,
        1,
        1,
        null,
        null,
        1,
        1,
        null,
        null,
        null,
        null,
        null
      ],
      "/Users/sam/Mirror/repo/shastic/system/boot/transaction.rb": [
        null,
        null,
        1,
        null,
        null,
        1,
        1,
        null
      ],
      "/Users/sam/Mirror/repo/shastic/system/boot/config.rb": [
        null,
        null,
        1,
        1,
        1,
        null,
        null,
        1,
        1,
        null,
        null,
        null,
        null,
        null
      ],
      "/Users/sam/Mirror/repo/shastic/system/boot/rom.rb": [
        null,
        null,
        1,
        1,
        1,
        1,
        null,
        1,
        1,
        null,
        1,
        1,
        null,
        1,
        null,
        null,
        null,
        null,
        null,
        null,
        null,
        1,
        null,
        null,
        1,
        1,
        1,
        1,
        null,
        null,
        null
      ],
      "/Users/sam/Mirror/repo/shastic/lib/config.rb": [
        null,
        null,
        1,
        1,
        null,
        null,
        1,
        1,
        null,
        1,
        1,
        1,
        null,
        1,
        1,
        null,
        1,
        3,
        null,
        null,
        null,
        null,
        3,
        null,
        null,
        1,
        null,
        null,
        1,
        3,
        null,
        null
      ],
      "/Users/sam/Mirror/repo/shastic/lib/types.rb": [
        null,
        null,
        1,
        null,
        null,
        1,
        1,
        1,
        null
      ],
      "/Users/sam/Mirror/repo/shastic/lib/persistence/relations/visits.rb": [
        null,
        null,
        1,
        null,
        1,
        1,
        null,
        1,
        1,
        1,
        1,
        1,
        null,
        null,
        null,
        1,
        7,
        null,
        null,
        null,
        null
      ],
      "/Users/sam/Mirror/repo/shastic/lib/persistence/relations/page_views.rb": [
        null,
        null,
        1,
        null,
        1,
        1,
        null,
        1,
        1,
        1,
        1,
        1,
        null,
        null,
        null,
        null,
        null
      ],
      "/Users/sam/Mirror/repo/shastic/lib/persistence/commands/create_page_view.rb": [
        null,
        null,
        1,
        1,
        null,
        1,
        1,
        1,
        1,
        null,
        1,
        1,
        null,
        null,
        null
      ],
      "/Users/sam/Mirror/repo/shastic/lib/persistence/commands/create_visit.rb": [
        null,
        null,
        1,
        1,
        null,
        1,
        1,
        1,
        1,
        null,
        1,
        1,
        null,
        null,
        null
      ],
      "/Users/sam/Mirror/repo/shastic/lib/decorators/base_decorator.rb": [
        null,
        null,
        1,
        1,
        null,
        null
      ],
      "/Users/sam/Mirror/repo/shastic/lib/decorators/page_view_decorator.rb": [
        null,
        null,
        1,
        null,
        1,
        1,
        null,
        1,
        31,
        31,
        null,
        31,
        31,
        null,
        null,
        1,
        null,
        1,
        null,
        null,
        62,
        null,
        null,
        1,
        31,
        null,
        null,
        null
      ],
      "/Users/sam/Mirror/repo/shastic/lib/operations/page_views/validate.rb": [
        null,
        null,
        1,
        1,
        null,
        1,
        1,
        null,
        1,
        1,
        null,
        1,
        20,
        null,
        20,
        18,
        null,
        2,
        null,
        null,
        null,
        null,
        null
      ],
      "/Users/sam/Mirror/repo/shastic/lib/operations/page_views/bulk_create.rb": [
        null,
        null,
        1,
        null,
        1,
        1,
        null,
        1,
        1,
        1,
        1,
        null,
        1,
        null,
        1,
        6,
        6,
        null,
        null,
        1,
        23,
        null,
        3,
        3,
        null,
        null,
        3,
        null,
        0,
        null,
        null,
        1,
        null,
        1,
        3,
        null,
        null,
        1,
        0,
        null,
        null,
        1,
        3,
        20,
        20,
        null,
        null,
        null,
        null,
        null
      ],
      "/Users/sam/Mirror/repo/shastic/lib/operations/visits/validate.rb": [
        null,
        null,
        1,
        1,
        null,
        1,
        1,
        null,
        1,
        1,
        null,
        1,
        6,
        null,
        6,
        4,
        null,
        2,
        null,
        null,
        null,
        null,
        null
      ],
      "/Users/sam/Mirror/repo/shastic/lib/operations/visits/find_or_create.rb": [
        null,
        null,
        1,
        null,
        1,
        1,
        null,
        1,
        1,
        1,
        1,
        1,
        null,
        1,
        7,
        7,
        6,
        null,
        null,
        null,
        1,
        null,
        1,
        6,
        null,
        null,
        1,
        14,
        null,
        null,
        1,
        7,
        7,
        null,
        1,
        null,
        null,
        null,
        null
      ],
      "/Users/sam/Mirror/repo/shastic/lib/operations/visits/create.rb": [
        null,
        null,
        1,
        null,
        1,
        1,
        null,
        1,
        1,
        1,
        null,
        1,
        4,
        null,
        4,
        4,
        null,
        0,
        null,
        null,
        0,
        null,
        null,
        1,
        4,
        null,
        null,
        null,
        null
      ],
      "/Users/sam/Mirror/repo/shastic/lib/operations/decorate.rb": [
        null,
        null,
        1,
        null,
        1,
        null,
        1,
        1,
        1,
        null,
        1,
        1,
        null,
        4,
        4,
        null,
        null,
        null,
        null,
        1,
        null,
        1,
        null,
        null,
        33,
        null,
        null,
        null
      ],
      "/Users/sam/Mirror/repo/shastic/lib/operations/present.rb": [
        null,
        null,
        1,
        null,
        1,
        null,
        1,
        1,
        1,
        null,
        1,
        1,
        null,
        4,
        4,
        null,
        null,
        null,
        null,
        1,
        null,
        1,
        4,
        null,
        null,
        null
      ],
      "/Users/sam/Mirror/repo/shastic/lib/operations/poro/request_data.rb": [
        null,
        null,
        1,
        1,
        null,
        1,
        1,
        null,
        1,
        1,
        null,
        1,
        null,
        1,
        2,
        null,
        2,
        null,
        2,
        null,
        null,
        1,
        null,
        1,
        2,
        null,
        null,
        null,
        null
      ],
      "/Users/sam/Mirror/repo/shastic/lib/operations/poro/map_data.rb": [
        null,
        null,
        1,
        1,
        null,
        1,
        1,
        1,
        null,
        1,
        null,
        1,
        2,
        null,
        null,
        null,
        null
      ],
      "/Users/sam/Mirror/repo/shastic/lib/schemas/page_view_schema.rb": [
        null,
        null,
        1,
        1,
        1,
        1,
        1,
        1,
        1,
        null,
        null
      ],
      "/Users/sam/Mirror/repo/shastic/lib/schemas/visit_schema.rb": [
        null,
        null,
        1,
        null,
        1,
        1,
        1,
        1,
        null,
        1,
        8,
        null,
        null,
        null,
        null,
        1,
        1,
        1,
        1,
        1,
        null,
        null
      ],
      "/Users/sam/Mirror/repo/shastic/lib/presenters/page_view_collection_presenter.rb": [
        null,
        null,
        1,
        null,
        1,
        null,
        1,
        1,
        null,
        1,
        6,
        39,
        null,
        null,
        null,
        null
      ],
      "/Users/sam/Mirror/repo/shastic/lib/transactions/collect_data.rb": [
        null,
        null,
        1,
        null,
        1,
        1,
        1,
        1,
        1,
        1,
        null,
        1,
        null,
        1,
        1,
        1,
        1,
        1,
        null,
        1,
        5,
        5,
        null,
        null,
        1,
        null,
        1,
        1,
        null,
        null,
        1,
        1,
        4,
        null,
        4,
        4,
        null,
        2,
        2,
        null,
        null,
        null,
        1,
        1,
        null,
        null,
        1,
        4,
        null,
        null,
        null
      ],
      "/Users/sam/Mirror/repo/shastic/lib/transactions/poro/data.rb": [
        null,
        null,
        1,
        1,
        null,
        1,
        1,
        1,
        null,
        null,
        null
      ],
      "/Users/sam/Mirror/repo/shastic/lib/commands/base_command.rb": [
        null,
        null,
        1,
        null,
        1,
        null,
        1,
        1,
        null,
        1,
        null,
        1,
        4,
        4,
        4,
        null,
        null,
        1,
        null,
        1,
        0,
        null,
        null,
        1,
        4,
        null,
        null,
        1,
        8,
        null,
        null,
        1,
        4,
        null,
        null,
        null
      ],
      "/Users/sam/Mirror/repo/shastic/lib/commands/collect_command.rb": [
        null,
        null,
        1,
        null,
        1,
        1,
        null,
        1,
        null,
        1,
        5,
        5,
        null,
        null,
        1,
        null,
        1,
        4,
        null,
        null,
        null
      ],
      "/Users/sam/Mirror/repo/shastic/lib/mappers/poro/main_mapper.rb": [
        null,
        null,
        1,
        1,
        null,
        1,
        1,
        null,
        1,
        1,
        12,
        null,
        null,
        null,
        null
      ],
      "/Users/sam/Mirror/repo/shastic/lib/mappers/poro/base_mapper.rb": [
        null,
        null,
        1,
        1,
        null,
        1,
        1,
        null,
        null,
        null
      ],
      "/Users/sam/Mirror/repo/shastic/lib/mappers/poro/visit_mapper.rb": [
        null,
        null,
        1,
        null,
        1,
        1,
        null,
        1,
        1,
        null,
        null,
        1,
        9,
        null,
        1,
        1,
        1,
        1,
        1,
        null,
        null,
        null
      ],
      "/Users/sam/Mirror/repo/shastic/lib/mappers/poro/page_view_mapper.rb": [
        null,
        null,
        1,
        1,
        null,
        1,
        1,
        1,
        1,
        1,
        null,
        null,
        null
      ]
    },
    "timestamp": 1580685068
  }
}
